<?xml version="1.0" encoding="UTF-8"?>
<testsuite name="com.example.springboot.controller.BlogApiControllerTest" tests="2" skipped="0" failures="0" errors="0" timestamp="2023-06-30T05:55:42" hostname="DESKTOP-LJ2BKAV" time="1.802">
  <properties/>
  <testcase name="findAllArticles: 블로그 글 목록 조회에 성공한다." classname="com.example.springboot.controller.BlogApiControllerTest" time="1.608"/>
  <testcase name="addArticle: 블로그 글 추가에 성공한다." classname="com.example.springboot.controller.BlogApiControllerTest" time="0.192"/>
  <system-out><![CDATA[14:55:35.590 [Test worker] INFO org.springframework.test.context.support.AnnotationConfigContextLoaderUtils -- Could not detect default configuration classes for test class [com.example.springboot.controller.BlogApiControllerTest]: BlogApiControllerTest does not declare any static, non-private, non-final, nested classes annotated with @Configuration.
14:55:35.830 [Test worker] INFO org.springframework.boot.test.context.SpringBootTestContextBootstrapper -- Found @SpringBootConfiguration com.example.springboot.SpringbootApplication for test class com.example.springboot.controller.BlogApiControllerTest

  .   ____          _            __ _ _
 /\\ / ___'_ __ _ _(_)_ __  __ _ \ \ \ \
( ( )\___ | '_ | '_| | '_ \/ _` | \ \ \ \
 \\/  ___)| |_)| | | | | || (_| |  ) ) ) )
  '  |____| .__|_| |_|_| |_\__, | / / / /
 =========|_|==============|___/=/_/_/_/
 :: Spring Boot ::                (v3.1.1)

2023-06-30T14:55:36.701+09:00  INFO 15492 --- [    Test worker] c.e.s.controller.BlogApiControllerTest   : Starting BlogApiControllerTest using Java 17.0.7 with PID 15492 (started by park in C:\Users\park\IdeaProjects\springboot)
2023-06-30T14:55:36.703+09:00  INFO 15492 --- [    Test worker] c.e.s.controller.BlogApiControllerTest   : No active profile set, falling back to 1 default profile: "default"
2023-06-30T14:55:37.887+09:00  INFO 15492 --- [    Test worker] .s.d.r.c.RepositoryConfigurationDelegate : Multiple Spring Data modules found, entering strict repository configuration mode
2023-06-30T14:55:37.892+09:00  INFO 15492 --- [    Test worker] .s.d.r.c.RepositoryConfigurationDelegate : Bootstrapping Spring Data JDBC repositories in DEFAULT mode.
2023-06-30T14:55:37.959+09:00  INFO 15492 --- [    Test worker] .RepositoryConfigurationExtensionSupport : Spring Data JDBC - Could not safely identify store assignment for repository candidate interface com.example.springboot.repository.BlogRepository; If you want this repository to be a JDBC repository, consider annotating your entities with one of these annotations: org.springframework.data.relational.core.mapping.Table.
2023-06-30T14:55:37.961+09:00  INFO 15492 --- [    Test worker] .s.d.r.c.RepositoryConfigurationDelegate : Finished Spring Data repository scanning in 58 ms. Found 0 JDBC repository interfaces.
2023-06-30T14:55:37.984+09:00  INFO 15492 --- [    Test worker] .s.d.r.c.RepositoryConfigurationDelegate : Multiple Spring Data modules found, entering strict repository configuration mode
2023-06-30T14:55:37.986+09:00  INFO 15492 --- [    Test worker] .s.d.r.c.RepositoryConfigurationDelegate : Bootstrapping Spring Data JPA repositories in DEFAULT mode.
2023-06-30T14:55:38.026+09:00  INFO 15492 --- [    Test worker] .s.d.r.c.RepositoryConfigurationDelegate : Finished Spring Data repository scanning in 33 ms. Found 1 JPA repository interfaces.
2023-06-30T14:55:38.652+09:00  INFO 15492 --- [    Test worker] com.zaxxer.hikari.HikariDataSource       : HikariPool-1 - Starting...
2023-06-30T14:55:39.031+09:00  INFO 15492 --- [    Test worker] com.zaxxer.hikari.pool.HikariPool        : HikariPool-1 - Added connection conn0: url=jdbc:h2:mem:testdb user=SA
2023-06-30T14:55:39.034+09:00  INFO 15492 --- [    Test worker] com.zaxxer.hikari.HikariDataSource       : HikariPool-1 - Start completed.
2023-06-30T14:55:39.116+09:00  INFO 15492 --- [    Test worker] o.hibernate.jpa.internal.util.LogHelper  : HHH000204: Processing PersistenceUnitInfo [name: default]
2023-06-30T14:55:39.236+09:00  INFO 15492 --- [    Test worker] org.hibernate.Version                    : HHH000412: Hibernate ORM core version 6.2.5.Final
2023-06-30T14:55:39.242+09:00  INFO 15492 --- [    Test worker] org.hibernate.cfg.Environment            : HHH000406: Using bytecode reflection optimizer
2023-06-30T14:55:39.557+09:00  INFO 15492 --- [    Test worker] o.h.b.i.BytecodeProviderInitiator        : HHH000021: Bytecode provider name : bytebuddy
2023-06-30T14:55:39.810+09:00  INFO 15492 --- [    Test worker] o.s.o.j.p.SpringPersistenceUnitInfo      : No LoadTimeWeaver setup: ignoring JPA class transformer
2023-06-30T14:55:40.144+09:00  INFO 15492 --- [    Test worker] o.h.b.i.BytecodeProviderInitiator        : HHH000021: Bytecode provider name : bytebuddy
2023-06-30T14:55:40.822+09:00  INFO 15492 --- [    Test worker] o.h.e.t.j.p.i.JtaPlatformInitiator       : HHH000490: Using JtaPlatform implementation: [org.hibernate.engine.transaction.jta.platform.internal.NoJtaPlatform]
Hibernate: 
    drop table if exists article cascade 
Hibernate: 
    create table article (
        id bigint generated by default as identity,
        content varchar(255) not null,
        title varchar(255) not null,
        primary key (id)
    )
2023-06-30T14:55:40.867+09:00  INFO 15492 --- [    Test worker] j.LocalContainerEntityManagerFactoryBean : Initialized JPA EntityManagerFactory for persistence unit 'default'
2023-06-30T14:55:41.620+09:00  WARN 15492 --- [    Test worker] JpaBaseConfiguration$JpaWebConfiguration : spring.jpa.open-in-view is enabled by default. Therefore, database queries may be performed during view rendering. Explicitly configure spring.jpa.open-in-view to disable this warning
2023-06-30T14:55:42.632+09:00  INFO 15492 --- [    Test worker] o.s.b.t.m.w.SpringBootMockServletContext : Initializing Spring TestDispatcherServlet ''
2023-06-30T14:55:42.633+09:00  INFO 15492 --- [    Test worker] o.s.t.web.servlet.TestDispatcherServlet  : Initializing Servlet ''
2023-06-30T14:55:42.641+09:00  INFO 15492 --- [    Test worker] o.s.t.web.servlet.TestDispatcherServlet  : Completed initialization in 3 ms
2023-06-30T14:55:42.689+09:00  INFO 15492 --- [    Test worker] c.e.s.controller.BlogApiControllerTest   : Started BlogApiControllerTest in 6.51 seconds (process running for 8.861)
2023-06-30T14:55:43.524+09:00  INFO 15492 --- [    Test worker] o.s.b.t.m.w.SpringBootMockServletContext : Initializing Spring TestDispatcherServlet ''
2023-06-30T14:55:43.524+09:00  INFO 15492 --- [    Test worker] o.s.t.web.servlet.TestDispatcherServlet  : Initializing Servlet ''
2023-06-30T14:55:43.526+09:00  INFO 15492 --- [    Test worker] o.s.t.web.servlet.TestDispatcherServlet  : Completed initialization in 2 ms
Hibernate: 
    select
        a1_0.id,
        a1_0.content,
        a1_0.title 
    from
        article a1_0
Hibernate: 
    delete 
    from
        article 
    where
        id=?
Hibernate: 
    delete 
    from
        article 
    where
        id=?
Hibernate: 
    delete 
    from
        article 
    where
        id=?
Hibernate: 
    insert 
    into
        article
        (content,title,id) 
    values
        (?,?,default)
Hibernate: 
    select
        a1_0.id,
        a1_0.content,
        a1_0.title 
    from
        article a1_0
2023-06-30T14:55:44.338+09:00  INFO 15492 --- [    Test worker] o.s.b.t.m.w.SpringBootMockServletContext : Initializing Spring TestDispatcherServlet ''
2023-06-30T14:55:44.338+09:00  INFO 15492 --- [    Test worker] o.s.t.web.servlet.TestDispatcherServlet  : Initializing Servlet ''
2023-06-30T14:55:44.342+09:00  INFO 15492 --- [    Test worker] o.s.t.web.servlet.TestDispatcherServlet  : Completed initialization in 1 ms
Hibernate: 
    select
        a1_0.id,
        a1_0.content,
        a1_0.title 
    from
        article a1_0
Hibernate: 
    delete 
    from
        article 
    where
        id=?
Hibernate: 
    insert 
    into
        article
        (content,title,id) 
    values
        (?,?,default)
Hibernate: 
    select
        a1_0.id,
        a1_0.content,
        a1_0.title 
    from
        article a1_0
]]></system-out>
  <system-err><![CDATA[]]></system-err>
</testsuite>
